app/build/outputs/logs/manifest-merger-debug-report.txt
-- Merging decision tree log ---
manifest
ADDED from src\main\AndroidManifest.xml:2:1-95:12
INJECTED from src\main\AndroidManifest.xml:2:1-95:12
INJECTED from src\main\AndroidManifest.xml:2:1-95:12
INJECTED from src\main\AndroidManifest.xml:2:1-95:12
MERGED from [com.android.support:appcompat-v7:22.1.0] AndroidManifest.xml:17:1-24:12
MERGED from [com.android.support:support-v4:22.1.0] AndroidManifest.xml:17:1-24:12
INJECTED from src\main\AndroidManifest.xml:2:1-95:12
INJECTED from src\main\AndroidManifest.xml:2:1-95:12
INJECTED from src\main\AndroidManifest.xml:2:1-95:12
	package
		ADDED from src\main\AndroidManifest.xml:3:5-34
		INJECTED from src\main\AndroidManifest.xml
		INJECTED from src\main\AndroidManifest.xml
	android:versionName
		ADDED from src\main\AndroidManifest.xml:5:5-30
		INJECTED from src\main\AndroidManifest.xml
		INJECTED from src\main\AndroidManifest.xml
	xmlns:android
		ADDED from src\main\AndroidManifest.xml:2:11-69
	android:versionCode
		ADDED from src\main\AndroidManifest.xml:4:5-28
		INJECTED from src\main\AndroidManifest.xml
		INJECTED from src\main\AndroidManifest.xml
uses-sdk
ADDED from src\main\AndroidManifest.xml:7:5-10:11
INJECTED from src\main\AndroidManifest.xml:7:5-10:11
INJECTED from src\main\AndroidManifest.xml:7:5-10:11
MERGED from [com.android.support:appcompat-v7:22.1.0] AndroidManifest.xml:20:5-43
MERGED from [com.android.support:appcompat-v7:22.1.0] AndroidManifest.xml:20:5-43
MERGED from [com.android.support:support-v4:22.1.0] AndroidManifest.xml:20:5-43
MERGED from [com.android.support:support-v4:22.1.0] AndroidManifest.xml:20:5-43
INJECTED from src\main\AndroidManifest.xml:7:5-10:11
INJECTED from src\main\AndroidManifest.xml:7:5-10:11
	android:targetSdkVersion
		ADDED from src\main\AndroidManifest.xml:9:9-38
		INJECTED from src\main\AndroidManifest.xml
		INJECTED from src\main\AndroidManifest.xml
	android:minSdkVersion
		ADDED from src\main\AndroidManifest.xml:8:9-35
		INJECTED from src\main\AndroidManifest.xml
		INJECTED from src\main\AndroidManifest.xml
uses-permission#android.permission.INTERNET
ADDED from src\main\AndroidManifest.xml:12:5-67
	android:name
		ADDED from src\main\AndroidManifest.xml:12:22-64
uses-permission#android.permission.WRITE_EXTERNAL_STORAGE
ADDED from src\main\AndroidManifest.xml:13:5-81
	android:name
		ADDED from src\main\AndroidManifest.xml:13:22-78
uses-permission#android.permission.READ_EXTERNAL_STORAGE
ADDED from src\main\AndroidManifest.xml:14:5-80
	android:name
		ADDED from src\main\AndroidManifest.xml:14:22-77
uses-permission#android.permission.CLEAR_APP_CACHE
ADDED from src\main\AndroidManifest.xml:15:5-74
	android:name
		ADDED from src\main\AndroidManifest.xml:15:22-71
application
ADDED from src\main\AndroidManifest.xml:17:5-93:19
MERGED from [com.android.support:appcompat-v7:22.1.0] AndroidManifest.xml:22:5-20
MERGED from [com.android.support:appcompat-v7:22.1.0] AndroidManifest.xml:22:5-20
MERGED from [com.android.support:support-v4:22.1.0] AndroidManifest.xml:22:5-20
MERGED from [com.android.support:support-v4:22.1.0] AndroidManifest.xml:22:5-20
	android:label
		ADDED from src\main\AndroidManifest.xml:20:9-41
	android:icon
		ADDED from src\main\AndroidManifest.xml:19:9-45
	android:allowBackup
		ADDED from src\main\AndroidManifest.xml:18:9-35
	android:theme
		ADDED from src\main\AndroidManifest.xml:21:9-40
activity#com.example.webmail.MainActivity
ADDED from src\main\AndroidManifest.xml:22:9-37:20
	android:label
		ADDED from src\main\AndroidManifest.xml:24:13-45
	android:name
		ADDED from src\main\AndroidManifest.xml:23:13-60
intent-filter#android.intent.action.MAIN+android.intent.category.LAUNCHER
ADDED from src\main\AndroidManifest.xml:25:13-28:29
action#android.intent.action.MAIN
ADDED from src\main\AndroidManifest.xml:26:17-69
	android:name
		ADDED from src\main\AndroidManifest.xml:26:25-66
category#android.intent.category.LAUNCHER
ADDED from src\main\AndroidManifest.xml:27:17-77
	android:name
		ADDED from src\main\AndroidManifest.xml:27:27-74
intent-filter#android.intent.action.SEND+android.intent.category.DEFAULT
ADDED from src\main\AndroidManifest.xml:30:13-35:29
action#android.intent.action.SEND
ADDED from src\main\AndroidManifest.xml:31:17-69
	android:name
		ADDED from src\main\AndroidManifest.xml:31:25-66
category#android.intent.category.DEFAULT
ADDED from src\main\AndroidManifest.xml:32:17-76
	android:name
		ADDED from src\main\AndroidManifest.xml:32:27-73
data
ADDED from src\main\AndroidManifest.xml:33:17-55
	android:mimeType
		ADDED from src\main\AndroidManifest.xml:33:23-52
activity#com.example.webmail.SettingsActivity
ADDED from src\main\AndroidManifest.xml:38:9-45:20
	android:parentActivityName
		ADDED from src\main\AndroidManifest.xml:41:13-74
	android:label
		ADDED from src\main\AndroidManifest.xml:40:13-55
	android:name
		ADDED from src\main\AndroidManifest.xml:39:13-64
meta-data#android.support.PARENT_ACTIVITY
ADDED from src\main\AndroidManifest.xml:42:13-44:68
	android:value
		ADDED from src\main\AndroidManifest.xml:44:17-65
	android:name
		ADDED from src\main\AndroidManifest.xml:43:17-63
activity#com.example.webmail.KeyActivity
ADDED from src\main\AndroidManifest.xml:46:9-53:20
	android:parentActivityName
		ADDED from src\main\AndroidManifest.xml:49:13-74
	android:label
		ADDED from src\main\AndroidManifest.xml:48:13-55
	android:name
		ADDED from src\main\AndroidManifest.xml:47:13-59
activity#com.example.webmail.BodyActivity
ADDED from src\main\AndroidManifest.xml:54:9-61:20
	android:parentActivityName
		ADDED from src\main\AndroidManifest.xml:57:13-74
	android:label
		ADDED from src\main\AndroidManifest.xml:56:13-56
	android:name
		ADDED from src\main\AndroidManifest.xml:55:13-60
activity#com.example.webmail.ComposeActivity
ADDED from src\main\AndroidManifest.xml:62:9-69:20
	android:parentActivityName
		ADDED from src\main\AndroidManifest.xml:65:13-74
	android:label
		ADDED from src\main\AndroidManifest.xml:64:13-59
	android:name
		ADDED from src\main\AndroidManifest.xml:63:13-63
service#com.example.webmail.DownloadAttachment
ADDED from src\main\AndroidManifest.xml:71:9-74
	android:name
		ADDED from src\main\AndroidManifest.xml:71:18-71
service#com.example.webmail.SendMessage
ADDED from src\main\AndroidManifest.xml:72:9-67
	android:name
		ADDED from src\main\AndroidManifest.xml:72:18-64
service#com.example.webmail.SendMessage2
ADDED from src\main\AndroidManifest.xml:73:9-68
	android:name
		ADDED from src\main\AndroidManifest.xml:73:18-65
service#com.example.webmail.SetRead
ADDED from src\main\AndroidManifest.xml:74:9-63
	android:name
		ADDED from src\main\AndroidManifest.xml:74:18-60
service#com.example.webmail.DeleteMail
ADDED from src\main\AndroidManifest.xml:75:9-66
	android:name
		ADDED from src\main\AndroidManifest.xml:75:18-63
service#com.example.webmail.DeleteMails
ADDED from src\main\AndroidManifest.xml:76:9-67
	android:name
		ADDED from src\main\AndroidManifest.xml:76:18-64
service#com.example.webmail.Sync
ADDED from src\main\AndroidManifest.xml:77:9-60
	android:name
		ADDED from src\main\AndroidManifest.xml:77:18-57
service#com.example.webmail.Fetch
ADDED from src\main\AndroidManifest.xml:78:9-61
	android:name
		ADDED from src\main\AndroidManifest.xml:78:18-58
service#com.example.webmail.Flag
ADDED from src\main\AndroidManifest.xml:79:9-60
	android:name
		ADDED from src\main\AndroidManifest.xml:79:18-57
receiver#com.example.webmail.NotificationReceiver
ADDED from src\main\AndroidManifest.xml:82:9-86:20
	android:name
		ADDED from src\main\AndroidManifest.xml:82:19-74
intent-filter#com.example.webmail.inbox
ADDED from src\main\AndroidManifest.xml:83:13-85:29
action#com.example.webmail.inbox
ADDED from src\main\AndroidManifest.xml:84:17-68
	android:name
		ADDED from src\main\AndroidManifest.xml:84:25-65
activity#com.example.webmail.AboutActivity
ADDED from src\main\AndroidManifest.xml:88:9-92:20
	android:parentActivityName
		ADDED from src\main\AndroidManifest.xml:91:13-74
	android:label
		ADDED from src\main\AndroidManifest.xml:90:13-57
	android:name
		ADDED from src\main\AndroidManifest.xml:89:13-61